<?xml version="1.0" encoding="UTF-8"?>
<!-- Generated by org.testng.reporters.JUnitReportReporter -->
<testsuite hostname="DESKTOP-M23FVFN" failures="0" tests="2" name="com.timp.test.BRB.GruposAvancados" time="435.359" errors="0" timestamp="23 mar. 2022 23:28:41 GMT" skipped="0">
  <testcase classname="com.timp.test.BRB.GruposAvancados" name="gruposAvanzados" time="389.019"/>
  <testcase classname="com.timp.test.BRB.GruposAvancados" name="eliminarGrupos" time="46.340"/>
</testsuite> <!-- com.timp.test.BRB.GruposAvancados -->
