<?xml version="1.0" encoding="UTF-8"?>
<!-- Generated by org.testng.reporters.JUnitReportReporter -->
<testsuite hostname="DESKTOP-M23FVFN" failures="0" tests="1" name="com.timp.test.TFP.Configurações.Bloqueios.SubPeriodo.SubPeriodoFiltroId" time="148.979" errors="0" timestamp="24 mar. 2022 03:14:50 GMT" skipped="0">
  <testcase classname="com.timp.test.TFP.Configurações.Bloqueios.SubPeriodo.SubPeriodoFiltroId" name="criar" time="148.979"/>
</testsuite> <!-- com.timp.test.TFP.Configurações.Bloqueios.SubPeriodo.SubPeriodoFiltroId -->
