<?xml version="1.0" encoding="UTF-8"?>
<!-- Generated by org.testng.reporters.JUnitReportReporter -->
<testsuite hostname="DESKTOP-M23FVFN" failures="0" tests="1" name="com.timp.test.BRB.AdicionarColunas" time="181.601" errors="0" timestamp="23 mar. 2022 23:07:21 GMT" skipped="0">
  <testcase classname="com.timp.test.BRB.AdicionarColunas" name="adicionarColunas" time="181.601"/>
</testsuite> <!-- com.timp.test.BRB.AdicionarColunas -->
