<?xml version="1.0" encoding="UTF-8"?>
<!-- Generated by org.testng.reporters.JUnitReportReporter -->
<testsuite hostname="DESKTOP-M23FVFN" failures="0" tests="1" name="com.timp.test.TCC.GestaoDeCreditoTributarioICMS.Executados.Registro1200.Executados1200Visualizar" time="106.796" errors="0" timestamp="23 mar. 2022 21:05:25 GMT" skipped="0">
  <testcase classname="com.timp.test.TCC.GestaoDeCreditoTributarioICMS.Executados.Registro1200.Executados1200Visualizar" name="visualizar" time="106.796"/>
</testsuite> <!-- com.timp.test.TCC.GestaoDeCreditoTributarioICMS.Executados.Registro1200.Executados1200Visualizar -->
