<?xml version="1.0" encoding="UTF-8"?>
<!-- Generated by org.testng.reporters.JUnitReportReporter -->
<testsuite hostname="DESKTOP-M23FVFN" failures="0" tests="3" name="com.timp.test.BRB.Formula" time="212.652" errors="0" timestamp="23 mar. 2022 21:42:20 GMT" skipped="0">
  <testcase classname="com.timp.test.BRB.Formula" name="aplicar" time="14.960"/>
  <testcase classname="com.timp.test.BRB.Formula" name="formulaColuna" time="94.492"/>
  <testcase classname="com.timp.test.BRB.Formula" name="formulaBoton" time="103.200"/>
</testsuite> <!-- com.timp.test.BRB.Formula -->
