<?xml version="1.0" encoding="UTF-8"?>
<!-- Generated by org.testng.reporters.JUnitReportReporter -->
<testsuite hostname="DESKTOP-M23FVFN" failures="0" tests="8" name="com.timp.test.BCB.ExecucoesSalvas.ExecucoesSalvas.ExecuçõesSalvasFiltros" time="188.048" errors="0" timestamp="17 mar. 2022 03:28:22 GMT" skipped="0">
  <testcase classname="com.timp.test.BCB.ExecucoesSalvas.ExecucoesSalvas.ExecuçõesSalvasFiltros" name="login" time="31.725"/>
  <testcase classname="com.timp.test.BCB.ExecucoesSalvas.ExecucoesSalvas.ExecuçõesSalvasFiltros" name="brbEntrar" time="35.552"/>
  <testcase classname="com.timp.test.BCB.ExecucoesSalvas.ExecucoesSalvas.ExecuçõesSalvasFiltros" name="FiltroID" time="34.175"/>
  <testcase classname="com.timp.test.BCB.ExecucoesSalvas.ExecucoesSalvas.ExecuçõesSalvasFiltros" name="NombreHierarquia" time="23.852"/>
  <testcase classname="com.timp.test.BCB.ExecucoesSalvas.ExecucoesSalvas.ExecuçõesSalvasFiltros" name="FiltroEmpresa" time="18.047"/>
  <testcase classname="com.timp.test.BCB.ExecucoesSalvas.ExecucoesSalvas.ExecuçõesSalvasFiltros" name="FiltroUF" time="14.528"/>
  <testcase classname="com.timp.test.BCB.ExecucoesSalvas.ExecucoesSalvas.ExecuçõesSalvasFiltros" name="FiltroFilial" time="15.110"/>
  <testcase classname="com.timp.test.BCB.ExecucoesSalvas.ExecucoesSalvas.ExecuçõesSalvasFiltros" name="FiltroTributo" time="15.059"/>
</testsuite> <!-- com.timp.test.BCB.ExecucoesSalvas.ExecucoesSalvas.ExecuçõesSalvasFiltros -->
