<?xml version="1.0" encoding="UTF-8"?>
<!-- Generated by org.testng.reporters.JUnitReportReporter -->
<testsuite hostname="DESKTOP-M23FVFN" failures="0" tests="1" name="com.timp.test.BRB.AtribuiçãodeRegra" time="230.568" errors="0" timestamp="23 mar. 2022 21:42:20 GMT" skipped="0">
  <testcase classname="com.timp.test.BRB.AtribuiçãodeRegra" name="editar" time="230.568"/>
</testsuite> <!-- com.timp.test.BRB.AtribuiçãodeRegra -->
