<?xml version="1.0" encoding="UTF-8"?>
<!-- Generated by org.testng.reporters.JUnitReportReporter -->
<testsuite hostname="DESKTOP-M23FVFN" failures="0" tests="1" name="com.timp.test.DFG.Leiautes.ParametrosGeraisCriarRaizIDPúblicoPrivadoFavoritos" time="103.987" errors="0" timestamp="17 mar. 2022 18:04:23 GMT" skipped="0">
  <testcase classname="com.timp.test.DFG.Leiautes.ParametrosGeraisCriarRaizIDPúblicoPrivadoFavoritos" name="favoritos" time="103.987"/>
</testsuite> <!-- com.timp.test.DFG.Leiautes.ParametrosGeraisCriarRaizIDPúblicoPrivadoFavoritos -->
