<?xml version="1.0" encoding="UTF-8"?>
<!-- Generated by org.testng.reporters.JUnitReportReporter -->
<testsuite hostname="DESKTOP-M23FVFN" failures="0" tests="9" name="com.timp.test.BCB.Formula.HierarquiaConfiguracao.FormulaHierarquiaConfiguracaoTodasAsFuncionalidadesParte1" time="508.093" errors="0" timestamp="17 mar. 2022 04:22:08 GMT" skipped="0">
  <testcase classname="com.timp.test.BCB.Formula.HierarquiaConfiguracao.FormulaHierarquiaConfiguracaoTodasAsFuncionalidadesParte1" name="login" time="11.703"/>
  <testcase classname="com.timp.test.BCB.Formula.HierarquiaConfiguracao.FormulaHierarquiaConfiguracaoTodasAsFuncionalidadesParte1" name="brbEntrar" time="39.731"/>
  <testcase classname="com.timp.test.BCB.Formula.HierarquiaConfiguracao.FormulaHierarquiaConfiguracaoTodasAsFuncionalidadesParte1" name="criarConfiguracaoHierarquia" time="84.749"/>
  <testcase classname="com.timp.test.BCB.Formula.HierarquiaConfiguracao.FormulaHierarquiaConfiguracaoTodasAsFuncionalidadesParte1" name="criarConfiguracionConfiguracao" time="111.359"/>
  <testcase classname="com.timp.test.BCB.Formula.HierarquiaConfiguracao.FormulaHierarquiaConfiguracaoTodasAsFuncionalidadesParte1" name="criarConfiguracao" time="56.321"/>
  <testcase classname="com.timp.test.BCB.Formula.HierarquiaConfiguracao.FormulaHierarquiaConfiguracaoTodasAsFuncionalidadesParte1" name="outputBCB" time="57.833"/>
  <testcase classname="com.timp.test.BCB.Formula.HierarquiaConfiguracao.FormulaHierarquiaConfiguracaoTodasAsFuncionalidadesParte1" name="subNivel2" time="42.239"/>
  <testcase classname="com.timp.test.BCB.Formula.HierarquiaConfiguracao.FormulaHierarquiaConfiguracaoTodasAsFuncionalidadesParte1" name="subNivel3" time="48.792"/>
  <testcase classname="com.timp.test.BCB.Formula.HierarquiaConfiguracao.FormulaHierarquiaConfiguracaoTodasAsFuncionalidadesParte1" name="subNivel4" time="55.366"/>
</testsuite> <!-- com.timp.test.BCB.Formula.HierarquiaConfiguracao.FormulaHierarquiaConfiguracaoTodasAsFuncionalidadesParte1 -->
