<?xml version="1.0" encoding="UTF-8"?>
<!-- Generated by org.testng.reporters.JUnitReportReporter -->
<testsuite hostname="DESKTOP-M23FVFN" failures="0" tests="17" name="com.timp.test.BCB.Demais.HierarquiaConfiguracao.DemaisHierarquiaConfiguracaoTodasAsFuncionalidadesParte1" time="1127.639" errors="0" timestamp="17 mar. 2022 03:10:26 GMT" skipped="0">
  <testcase classname="com.timp.test.BCB.Demais.HierarquiaConfiguracao.DemaisHierarquiaConfiguracaoTodasAsFuncionalidadesParte1" name="login" time="23.473"/>
  <testcase classname="com.timp.test.BCB.Demais.HierarquiaConfiguracao.DemaisHierarquiaConfiguracaoTodasAsFuncionalidadesParte1" name="brbEntrar" time="43.699"/>
  <testcase classname="com.timp.test.BCB.Demais.HierarquiaConfiguracao.DemaisHierarquiaConfiguracaoTodasAsFuncionalidadesParte1" name="criarConfiguracaoExecucoes" time="57.677"/>
  <testcase classname="com.timp.test.BCB.Demais.HierarquiaConfiguracao.DemaisHierarquiaConfiguracaoTodasAsFuncionalidadesParte1" name="criarConfiguracionConfiguracao" time="110.359"/>
  <testcase classname="com.timp.test.BCB.Demais.HierarquiaConfiguracao.DemaisHierarquiaConfiguracaoTodasAsFuncionalidadesParte1" name="criarConfiguracao" time="54.209"/>
  <testcase classname="com.timp.test.BCB.Demais.HierarquiaConfiguracao.DemaisHierarquiaConfiguracaoTodasAsFuncionalidadesParte1" name="entradaManual" time="50.774"/>
  <testcase classname="com.timp.test.BCB.Demais.HierarquiaConfiguracao.DemaisHierarquiaConfiguracaoTodasAsFuncionalidadesParte1" name="campoOutput" time="56.040"/>
  <testcase classname="com.timp.test.BCB.Demais.HierarquiaConfiguracao.DemaisHierarquiaConfiguracaoTodasAsFuncionalidadesParte1" name="executar1" time="79.593"/>
  <testcase classname="com.timp.test.BCB.Demais.HierarquiaConfiguracao.DemaisHierarquiaConfiguracaoTodasAsFuncionalidadesParte1" name="executar2" time="48.036"/>
  <testcase classname="com.timp.test.BCB.Demais.HierarquiaConfiguracao.DemaisHierarquiaConfiguracaoTodasAsFuncionalidadesParte1" name="adicionarEntradaManual2" time="60.929"/>
  <testcase classname="com.timp.test.BCB.Demais.HierarquiaConfiguracao.DemaisHierarquiaConfiguracaoTodasAsFuncionalidadesParte1" name="criarConfiguracaoHierarquia2" time="85.023"/>
  <testcase classname="com.timp.test.BCB.Demais.HierarquiaConfiguracao.DemaisHierarquiaConfiguracaoTodasAsFuncionalidadesParte1" name="criarConfiguracionConfiguracao2" time="123.083"/>
  <testcase classname="com.timp.test.BCB.Demais.HierarquiaConfiguracao.DemaisHierarquiaConfiguracaoTodasAsFuncionalidadesParte1" name="configurarConfiguracaoRelacionamiento" time="55.369"/>
  <testcase classname="com.timp.test.BCB.Demais.HierarquiaConfiguracao.DemaisHierarquiaConfiguracaoTodasAsFuncionalidadesParte1" name="relacionamentoTotalizadorSubperiodoFixoReplicar" time="70.180"/>
  <testcase classname="com.timp.test.BCB.Demais.HierarquiaConfiguracao.DemaisHierarquiaConfiguracaoTodasAsFuncionalidadesParte1" name="resultadoFinalParte1" time="74.450"/>
  <testcase classname="com.timp.test.BCB.Demais.HierarquiaConfiguracao.DemaisHierarquiaConfiguracaoTodasAsFuncionalidadesParte1" name="resultadoFinalParte2" time="72.790"/>
  <testcase classname="com.timp.test.BCB.Demais.HierarquiaConfiguracao.DemaisHierarquiaConfiguracaoTodasAsFuncionalidadesParte1" name="resultadoDoAbaParte1" time="61.955"/>
</testsuite> <!-- com.timp.test.BCB.Demais.HierarquiaConfiguracao.DemaisHierarquiaConfiguracaoTodasAsFuncionalidadesParte1 -->
