<?xml version="1.0" encoding="UTF-8"?>
<!-- Generated by org.testng.reporters.JUnitReportReporter -->
<testsuite hostname="DESKTOP-M23FVFN" failures="0" tests="3" name="com.timp.test.BRB.FiltrosRelatorio" time="360.850" errors="0" timestamp="23 mar. 2022 23:19:49 GMT" skipped="0">
  <testcase classname="com.timp.test.BRB.FiltrosRelatorio" name="CasignarValores" time="31.362"/>
  <testcase classname="com.timp.test.BRB.FiltrosRelatorio" name="AfiltrosEditor" time="215.550"/>
  <testcase classname="com.timp.test.BRB.FiltrosRelatorio" name="BfiltrosBiblioteca" time="113.938"/>
</testsuite> <!-- com.timp.test.BRB.FiltrosRelatorio -->
