<?xml version="1.0" encoding="UTF-8"?>
<!-- Generated by org.testng.reporters.JUnitReportReporter -->
<testsuite hostname="DESKTOP-M23FVFN" failures="0" tests="1" name="com.timp.test.DFG.Configuracoes.ConfiguracoesCriarGrerenciarMoverPasta" time="251.230" errors="0" timestamp="17 mar. 2022 17:04:42 GMT" skipped="0">
  <testcase classname="com.timp.test.DFG.Configuracoes.ConfiguracoesCriarGrerenciarMoverPasta" name="criarGerenciarMoverPasta" time="251.230"/>
</testsuite> <!-- com.timp.test.DFG.Configuracoes.ConfiguracoesCriarGrerenciarMoverPasta -->
