<?xml version="1.0" encoding="UTF-8"?>
<!-- Generated by org.testng.reporters.JUnitReportReporter -->
<testsuite hostname="DESKTOP-M23FVFN" failures="0" tests="1" name="com.timp.test.BRB.Visualizar" time="70.671" errors="0" timestamp="23 mar. 2022 21:42:20 GMT" skipped="0">
  <testcase classname="com.timp.test.BRB.Visualizar" name="visualizar" time="70.671"/>
</testsuite> <!-- com.timp.test.BRB.Visualizar -->
