<?xml version="1.0" encoding="UTF-8"?>
<!-- Generated by org.testng.reporters.JUnitReportReporter -->
<testsuite hostname="DESKTOP-M23FVFN" failures="0" tests="2" name="com.timp.test.BRB.ExcluirRelatorio" time="202.230" errors="0" timestamp="23 mar. 2022 21:42:20 GMT" skipped="0">
  <testcase classname="com.timp.test.BRB.ExcluirRelatorio" name="eliminar" time="143.745"/>
  <testcase classname="com.timp.test.BRB.ExcluirRelatorio" name="eliminarLixeira" time="58.485"/>
</testsuite> <!-- com.timp.test.BRB.ExcluirRelatorio -->
